<?xml version="1.0" encoding="UTF-8"?>
<testsuites name="jest tests" tests="1" failures="0" time="2.622">
  <testsuite name="placeholder test" errors="0" failures="0" skipped="0" timestamp="2021-09-17T18:03:33" time="1.388" tests="1">
    <testcase classname="placeholder test should return true" name="placeholder test should return true" time="0.003">
    </testcase>
  </testsuite>
</testsuites>